<?xml version="1.0" encoding="UTF-8"?>
<testng-results ignored="0" total="1" passed="1" failed="0" skipped="0">
  <reporter-output>
  </reporter-output>
  <suite started-at="2022-11-25T01:06:39 IST" name="Default suite" finished-at="2022-11-25T01:07:31 IST" duration-ms="51582">
    <groups>
    </groups>
    <test started-at="2022-11-25T01:06:39 IST" name="Default test" finished-at="2022-11-25T01:07:31 IST" duration-ms="51582">
      <class name="com.qa.testcases.HomePageTestcase">
        <test-method is-config="true" signature="setUp()[pri:0, instance:com.qa.testcases.HomePageTestcase@6069db50]" started-at="2022-11-25T01:06:40 IST" name="setUp" finished-at="2022-11-25T01:07:17 IST" duration-ms="37771" status="PASS">
          <reporter-output>
          </reporter-output>
        </test-method> <!-- setUp -->
        <test-method signature="homepageTitleTest()[pri:0, instance:com.qa.testcases.HomePageTestcase@6069db50]" started-at="2022-11-25T01:07:17 IST" name="homepageTitleTest" finished-at="2022-11-25T01:07:30 IST" duration-ms="12281" status="PASS">
          <reporter-output>
          </reporter-output>
        </test-method> <!-- homepageTitleTest -->
        <test-method is-config="true" signature="close()[pri:0, instance:com.qa.testcases.HomePageTestcase@6069db50]" started-at="2022-11-25T01:07:30 IST" name="close" finished-at="2022-11-25T01:07:31 IST" duration-ms="1388" status="PASS">
          <reporter-output>
          </reporter-output>
        </test-method> <!-- close -->
      </class> <!-- com.qa.testcases.HomePageTestcase -->
    </test> <!-- Default test -->
  </suite> <!-- Default suite -->
</testng-results>
